<?xml version="1.0" encoding="UTF-8"?>
<!-- Generated by org.testng.reporters.JUnitReportReporter -->
<testsuite hostname="DESKTOP-UJI1235" failures="0" tests="1" name="JenkinsTest.test1" time="16.274" errors="0" timestamp="2021-06-04T13:07:51 IST" skipped="0">
  <testcase classname="JenkinsTest.test1" name="search" time="16.274"/>
  <system-out/>
</testsuite> <!-- JenkinsTest.test1 -->
